Log file open, 11/10/21 11:52:48
LogWindows: Failed to load 'aqProf.dll' (GetLastError=126)
LogWindows: File 'aqProf.dll' does not exist
LogWindows: Failed to load 'VtuneApi.dll' (GetLastError=126)
LogWindows: File 'VtuneApi.dll' does not exist
LogWindows: Failed to load 'VtuneApi32e.dll' (GetLastError=126)
LogWindows: File 'VtuneApi32e.dll' does not exist
LogConsoleResponse: Display: Failed to find resolution value strings in scalability ini. Falling back to default.
LogConsoleResponse: Display: Failed to find resolution value strings in scalability ini. Falling back to default.
LogInit: Display: Running engine for game: Title_screen
LogPlatformFile: Not using cached read wrapper
LogTaskGraph: Started task graph with 5 named threads and 83 total threads with 3 sets of task threads.
LogStats: Stats thread started at 0.221932
LogICUInternationalization: ICU TimeZone Detection - Raw Offset: -5:00, Platform Override: ''
LogInit: Display: Loading text-based GConfig....
LogPluginManager: Mounting plugin MegascansPlugin
LogPluginManager: Mounting plugin MeshPainting
LogPluginManager: Mounting plugin XGEController
LogPluginManager: Mounting plugin Paper2D
LogPluginManager: Mounting plugin AISupport
LogPluginManager: Mounting plugin EnvironmentQueryEditor
LogPluginManager: Mounting plugin LiveLink
LogPluginManager: Mounting plugin LightPropagationVolume
LogPluginManager: Mounting plugin OodleData
LogPluginManager: Mounting plugin AnimationSharing
LogPluginManager: Mounting plugin OodleNetwork
LogPluginManager: Mounting plugin CLionSourceCodeAccess
LogPluginManager: Mounting plugin NullSourceCodeAccess
LogPluginManager: Mounting plugin CodeLiteSourceCodeAccess
LogPluginManager: Mounting plugin GitSourceControl
LogPluginManager: Mounting plugin KDevelopSourceCodeAccess
LogPluginManager: Mounting plugin PerforceSourceControl
LogPluginManager: Mounting plugin PixWinPlugin
LogPluginManager: Mounting plugin PlasticSourceControl
LogPluginManager: Mounting plugin PluginUtils
LogPluginManager: Mounting plugin PropertyAccessNode
LogPluginManager: Mounting plugin RiderSourceCodeAccess
LogPluginManager: Mounting plugin SubversionSourceControl
LogPluginManager: Mounting plugin TextureFormatOodle
LogPluginManager: Mounting plugin UObjectPlugin
LogPluginManager: Mounting plugin VisualStudioCodeSourceCodeAccess
LogPluginManager: Mounting plugin VisualStudioSourceCodeAccess
LogPluginManager: Mounting plugin AssetManagerEditor
LogPluginManager: Mounting plugin XCodeSourceCodeAccess
LogPluginManager: Mounting plugin CryptoKeys
LogPluginManager: Mounting plugin CurveEditorTools
LogPluginManager: Mounting plugin DataValidation
LogPluginManager: Mounting plugin EditorScriptingUtilities
LogPluginManager: Mounting plugin FacialAnimation
LogPluginManager: Mounting plugin GameplayTagsEditor
LogPluginManager: Mounting plugin GeometryMode
LogPluginManager: Mounting plugin MacGraphicsSwitching
LogPluginManager: Mounting plugin MaterialAnalyzer
LogPluginManager: Mounting plugin MobileLauncherProfileWizard
LogPluginManager: Mounting plugin PluginBrowser
LogPluginManager: Mounting plugin SpeedTreeImporter
LogPluginManager: Mounting plugin DatasmithContent
LogPluginManager: Mounting plugin VariantManagerContent
LogPluginManager: Mounting plugin Niagara
LogPluginManager: Mounting plugin AlembicImporter
LogPluginManager: Mounting plugin AutomationUtils
LogPluginManager: Mounting plugin BackChannel
LogPluginManager: Mounting plugin ChaosCloth
LogPluginManager: Mounting plugin ChaosSolverPlugin
LogPluginManager: Mounting plugin ChaosClothEditor
LogPluginManager: Mounting plugin ChaosEditor
LogPluginManager: Mounting plugin ChaosNiagara
LogPluginManager: Mounting plugin CharacterAI
LogPluginManager: Mounting plugin GeometryCache
LogPluginManager: Mounting plugin GeometryCollectionPlugin
LogPluginManager: Mounting plugin LuminPlatformFeatures
LogPluginManager: Mounting plugin MagicLeap
LogPluginManager: Mounting plugin MagicLeapLightEstimation
LogPluginManager: Mounting plugin MagicLeapMedia
LogPluginManager: Mounting plugin MagicLeapPassableWorld
LogPluginManager: Mounting plugin MLSDK
LogPluginManager: Mounting plugin GeometryProcessing
LogPluginManager: Mounting plugin MotoSynth
LogPluginManager: Mounting plugin OpenImageDenoise
LogPluginManager: Mounting plugin PlanarCut
LogPluginManager: Mounting plugin PlatformCrypto
LogPluginManager: Mounting plugin ProxyLODPlugin
LogPluginManager: Mounting plugin PythonScriptPlugin
LogPluginManager: Mounting plugin SkeletalReduction
LogPluginManager: Mounting plugin AndroidMedia
LogPluginManager: Mounting plugin AvfMedia
LogPluginManager: Mounting plugin ImgMedia
LogPluginManager: Mounting plugin MediaCompositing
LogPluginManager: Mounting plugin MediaPlayerEditor
LogPluginManager: Mounting plugin WmfMedia
LogPluginManager: Mounting plugin WebMMedia
LogPluginManager: Mounting plugin TcpMessaging
LogPluginManager: Mounting plugin UdpMessaging
LogPluginManager: Mounting plugin ActorSequence
LogPluginManager: Mounting plugin LevelSequenceEditor
LogPluginManager: Mounting plugin MatineeToLevelSequence
LogPluginManager: Mounting plugin TemplateSequence
LogPluginManager: Mounting plugin OnlineSubsystem
LogPluginManager: Mounting plugin OnlineSubsystemNull
LogPluginManager: Mounting plugin OnlineSubsystemUtils
LogPluginManager: Mounting plugin LauncherChunkInstaller
LogPluginManager: Mounting plugin ActorLayerUtilities
LogPluginManager: Mounting plugin AndroidDeviceProfileSelector
LogPluginManager: Mounting plugin AndroidMoviePlayer
LogPluginManager: Mounting plugin AndroidPermission
LogPluginManager: Mounting plugin AppleMoviePlayer
LogPluginManager: Mounting plugin AppleImageUtils
LogPluginManager: Mounting plugin ArchVisCharacter
LogPluginManager: Mounting plugin AudioCapture
LogPluginManager: Mounting plugin AssetTags
LogPluginManager: Mounting plugin AudioSynesthesia
LogPluginManager: Mounting plugin CableComponent
LogPluginManager: Mounting plugin ChunkDownloader
LogPluginManager: Mounting plugin CustomMeshComponent
LogPluginManager: Mounting plugin EditableMesh
LogPluginManager: Mounting plugin ExampleDeviceProfileSelector
LogPluginManager: Mounting plugin GoogleCloudMessaging
LogPluginManager: Mounting plugin GooglePAD
LogPluginManager: Mounting plugin IOSDeviceProfileSelector
LogPluginManager: Mounting plugin LinuxDeviceProfileSelector
LogPluginManager: Mounting plugin LocationServicesBPLibrary
LogPluginManager: Mounting plugin MobilePatchingUtils
LogPluginManager: Mounting plugin OpenXR
LogPluginManager: Mounting plugin OpenXREyeTracker
LogPluginManager: Mounting plugin OpenXRHandTracking
LogPluginManager: Mounting plugin PhysXVehicles
LogPluginManager: Mounting plugin ScreenshotTools
LogPluginManager: Mounting plugin PostSplashScreen
LogPluginManager: Mounting plugin ProceduralMeshComponent
LogPluginManager: Mounting plugin PropertyAccessEditor
LogPluginManager: Mounting plugin RuntimePhysXCooking
LogPluginManager: Mounting plugin SignificanceManager
LogPluginManager: Mounting plugin SoundFields
LogPluginManager: Mounting plugin Takes
LogPluginManager: Mounting plugin Synthesis
LogPluginManager: Mounting plugin WebMMoviePlayer
LogPluginManager: Mounting plugin WindowsMoviePlayer
LogPluginManager: Mounting plugin CameraShakePreviewer
LogPluginManager: Mounting plugin GameplayCameras
LogPluginManager: Mounting plugin ContentBrowserAssetDataSource
LogPluginManager: Mounting plugin ContentBrowserClassDataSource
LogPluginManager: Mounting plugin ContentBrowserFileDataSource
LogPluginManager: Mounting plugin OnlineSubsystemGooglePlay
LogPluginManager: Mounting plugin OnlineSubsystemIOS
LogPluginManager: Mounting plugin DatabaseSupport
LogPluginManager: Mounting plugin SQLiteCore
LogPluginManager: Mounting plugin SQLiteSupport
LogPluginManager: Mounting plugin OculusVR
LogPluginManager: Mounting plugin SteamVR
PixWinPlugin: PIX capture plugin failed to initialize! Check that the process is launched from PIX.
LogInit: Using libcurl 7.55.1-DEV
LogInit:  - built for x86_64-pc-win32
LogInit:  - supports SSL with OpenSSL/1.1.1
LogInit:  - supports HTTP deflate (compression) using libz 1.2.8
LogInit:  - other features:
LogInit:      CURL_VERSION_SSL
LogInit:      CURL_VERSION_LIBZ
LogInit:      CURL_VERSION_IPV6
LogInit:      CURL_VERSION_ASYNCHDNS
LogInit:      CURL_VERSION_LARGEFILE
LogInit:      CURL_VERSION_IDN
LogInit:  CurlRequestOptions (configurable via config and command line):
LogInit:  - bVerifyPeer = true  - Libcurl will verify peer certificate
LogInit:  - bUseHttpProxy = false  - Libcurl will NOT use HTTP proxy
LogInit:  - bDontReuseConnections = false  - Libcurl will reuse connections
LogInit:  - MaxHostConnections = 16  - Libcurl will limit the number of connections to a host
LogInit:  - LocalHostAddr = Default
LogInit:  - BufferSize = 65536
LogOnline: OSS: Creating online subsystem instance for: NULL
LogInit: WinSock: version 1.1 (2.2), MaxSocks=32767, MaxUdp=65467
LogOnline: OSS: TryLoadSubsystemAndSetDefault: Loaded subsystem for module [NULL]
LogOculusPluginWrapper: OculusPlugin initialized successfully
LogHMD: Failed initializing OVRPlugin 1.59.0
LogInit: Build: ++UE4+Release-4.27-CL-17735300
LogInit: Engine Version: 4.27.1-17735300+++UE4+Release-4.27
LogInit: Compatible Engine Version: 4.27.0-17155196+++UE4+Release-4.27
LogInit: Net CL: 17155196
LogInit: OS: Windows 10 (Release 2009) (), CPU: AMD Ryzen 9 5950X 16-Core Processor            , GPU: NVIDIA GeForce RTX 3090
LogInit: Compiled (64-bit): Oct  6 2021 14:42:51
LogInit: Compiled with Visual C++: 19.24.28315.00
LogInit: Build Configuration: Development
LogInit: Branch Name: ++UE4+Release-4.27
LogInit: Command Line: 
LogInit: Base Directory: D:/Unreal files/UE_4.27/Engine/Binaries/Win64/
LogInit: Allocator: TBB
LogInit: Installed Engine Build: 1
LogDevObjectVersion: Number of dev versions registered: 29
LogDevObjectVersion:   Dev-Blueprints (B0D832E4-1F89-4F0D-ACCF-7EB736FD4AA2): 10
LogDevObjectVersion:   Dev-Build (E1C64328-A22C-4D53-A36C-8E866417BD8C): 0
LogDevObjectVersion:   Dev-Core (375EC13C-06E4-48FB-B500-84F0262A717E): 4
LogDevObjectVersion:   Dev-Editor (E4B068ED-F494-42E9-A231-DA0B2E46BB41): 40
LogDevObjectVersion:   Dev-Framework (CFFC743F-43B0-4480-9391-14DF171D2073): 37
LogDevObjectVersion:   Dev-Mobile (B02B49B5-BB20-44E9-A304-32B752E40360): 3
LogDevObjectVersion:   Dev-Networking (A4E4105C-59A1-49B5-A7C5-40C4547EDFEE): 0
LogDevObjectVersion:   Dev-Online (39C831C9-5AE6-47DC-9A44-9C173E1C8E7C): 0
LogDevObjectVersion:   Dev-Physics (78F01B33-EBEA-4F98-B9B4-84EACCB95AA2): 14
LogDevObjectVersion:   Dev-Platform (6631380F-2D4D-43E0-8009-CF276956A95A): 0
LogDevObjectVersion:   Dev-Rendering (12F88B9F-8875-4AFC-A67C-D90C383ABD29): 45
LogDevObjectVersion:   Dev-Sequencer (7B5AE74C-D270-4C10-A958-57980B212A5A): 13
LogDevObjectVersion:   Dev-VR (D7296918-1DD6-4BDD-9DE2-64A83CC13884): 3
LogDevObjectVersion:   Dev-LoadTimes (C2A15278-BFE7-4AFE-6C17-90FF531DF755): 1
LogDevObjectVersion:   Private-Geometry (6EACA3D4-40EC-4CC1-B786-8BED09428FC5): 3
LogDevObjectVersion:   Dev-AnimPhys (29E575DD-E0A3-4627-9D10-D276232CDCEA): 17
LogDevObjectVersion:   Dev-Anim (AF43A65D-7FD3-4947-9873-3E8ED9C1BB05): 15
LogDevObjectVersion:   Dev-ReflectionCapture (6B266CEC-1EC7-4B8F-A30B-E4D90942FC07): 1
LogDevObjectVersion:   Dev-Automation (0DF73D61-A23F-47EA-B727-89E90C41499A): 1
LogDevObjectVersion:   FortniteMain (601D1886-AC64-4F84-AA16-D3DE0DEAC7D6): 47
LogDevObjectVersion:   FortniteRelease (E7086368-6B23-4C58-8439-1B7016265E91): 1
LogDevObjectVersion:   Dev-Enterprise (9DFFBCD6-494F-0158-E221-12823C92A888): 10
LogDevObjectVersion:   Dev-Niagara (F2AED0AC-9AFE-416F-8664-AA7FFA26D6FC): 1
LogDevObjectVersion:   Dev-Destruction (174F1F0B-B4C6-45A5-B13F-2EE8D0FB917D): 10
LogDevObjectVersion:   Dev-Physics-Ext (35F94A83-E258-406C-A318-09F59610247C): 41
LogDevObjectVersion:   Dev-PhysicsMaterial-Chaos (B68FC16E-8B1B-42E2-B453-215C058844FE): 1
LogDevObjectVersion:   Dev-CineCamera (B2E18506-4273-CFC2-A54E-F4BB758BBA07): 1
LogDevObjectVersion:   Dev-VirtualProduction (64F58936-FD1B-42BA-BA96-7289D5D0FA4E): 1
LogDevObjectVersion:   Dev-MediaFramework (6F0ED827-A609-4895-9C91-998D90180EA4): 2
LogInit: Presizing for max 25165824 objects, including 0 objects not considered by GC, pre-allocating 0 bytes for permanent pool.
LogConfig: Applying CVar settings from Section [/Script/Engine.StreamingSettings] File [D:/Game/Introtogame/Title_screen/Saved/Config/Windows/Engine.ini]
LogConfig: Setting CVar [[s.MinBulkDataSizeForAsyncLoading:131072]]
LogConfig: Setting CVar [[s.AsyncLoadingThreadEnabled:0]]
LogConfig: Setting CVar [[s.EventDrivenLoaderEnabled:1]]
LogConfig: Setting CVar [[s.WarnIfTimeLimitExceeded:0]]
LogConfig: Setting CVar [[s.TimeLimitExceededMultiplier:1.5]]
LogConfig: Setting CVar [[s.TimeLimitExceededMinTime:0.005]]
LogConfig: Setting CVar [[s.UseBackgroundLevelStreaming:1]]
LogConfig: Setting CVar [[s.PriorityAsyncLoadingExtraTime:15.0]]
LogConfig: Setting CVar [[s.LevelStreamingActorsUpdateTimeLimit:5.0]]
LogConfig: Setting CVar [[s.PriorityLevelStreamingActorsUpdateExtraTime:5.0]]
LogConfig: Setting CVar [[s.LevelStreamingComponentsRegistrationGranularity:10]]
LogConfig: Setting CVar [[s.UnregisterComponentsTimeLimit:1.0]]
LogConfig: Setting CVar [[s.LevelStreamingComponentsUnregistrationGranularity:5]]
LogConfig: Setting CVar [[s.FlushStreamingOnExit:1]]
LogInit: Object subsystem initialized
LogConfig: Setting CVar [[con.DebugEarlyDefault:1]]
LogConfig: Setting CVar [[r.setres:1280x720]]
[2021.11.10-16.52.48:682][  0]LogConfig: Setting CVar [[r.VSync:0]]
[2021.11.10-16.52.48:682][  0]LogConfig: Setting CVar [[r.RHICmdBypass:0]]
[2021.11.10-16.52.48:682][  0]LogConfig: Applying CVar settings from Section [/Script/Engine.RendererSettings] File [D:/Game/Introtogame/Title_screen/Saved/Config/Windows/Engine.ini]
[2021.11.10-16.52.48:682][  0]LogConfig: Setting CVar [[r.GPUCrashDebugging:0]]
[2021.11.10-16.52.48:682][  0]LogConfig: Applying CVar settings from Section [/Script/Engine.RendererOverrideSettings] File [D:/Game/Introtogame/Title_screen/Saved/Config/Windows/Engine.ini]
[2021.11.10-16.52.48:682][  0]LogConfig: Applying CVar settings from Section [/Script/Engine.StreamingSettings] File [D:/Game/Introtogame/Title_screen/Saved/Config/Windows/Engine.ini]
[2021.11.10-16.52.48:682][  0]LogConfig: Setting CVar [[s.MinBulkDataSizeForAsyncLoading:131072]]
[2021.11.10-16.52.48:682][  0]LogConfig: Setting CVar [[s.AsyncLoadingThreadEnabled:0]]
[2021.11.10-16.52.48:682][  0]LogConfig: Setting CVar [[s.EventDrivenLoaderEnabled:1]]
[2021.11.10-16.52.48:682][  0]LogConfig: Setting CVar [[s.WarnIfTimeLimitExceeded:0]]
[2021.11.10-16.52.48:682][  0]LogConfig: Setting CVar [[s.TimeLimitExceededMultiplier:1.5]]
[2021.11.10-16.52.48:682][  0]LogConfig: Setting CVar [[s.TimeLimitExceededMinTime:0.005]]
[2021.11.10-16.52.48:682][  0]LogConfig: Setting CVar [[s.UseBackgroundLevelStreaming:1]]
[2021.11.10-16.52.48:682][  0]LogConfig: Setting CVar [[s.PriorityAsyncLoadingExtraTime:15.0]]
[2021.11.10-16.52.48:682][  0]LogConfig: Setting CVar [[s.LevelStreamingActorsUpdateTimeLimit:5.0]]
[2021.11.10-16.52.48:682][  0]LogConfig: Setting CVar [[s.PriorityLevelStreamingActorsUpdateExtraTime:5.0]]
[2021.11.10-16.52.48:682][  0]LogConfig: Setting CVar [[s.LevelStreamingComponentsRegistrationGranularity:10]]
[2021.11.10-16.52.48:682][  0]LogConfig: Setting CVar [[s.UnregisterComponentsTimeLimit:1.0]]
[2021.11.10-16.52.48:682][  0]LogConfig: Setting CVar [[s.LevelStreamingComponentsUnregistrationGranularity:5]]
[2021.11.10-16.52.48:682][  0]LogConfig: Setting CVar [[s.FlushStreamingOnExit:1]]
[2021.11.10-16.52.48:682][  0]LogConfig: Applying CVar settings from Section [/Script/Engine.GarbageCollectionSettings] File [D:/Game/Introtogame/Title_screen/Saved/Config/Windows/Engine.ini]
[2021.11.10-16.52.48:682][  0]LogConfig: Setting CVar [[gc.MaxObjectsNotConsideredByGC:1]]
[2021.11.10-16.52.48:682][  0]LogConfig: Setting CVar [[gc.SizeOfPermanentObjectPool:0]]
[2021.11.10-16.52.48:682][  0]LogConfig: Setting CVar [[gc.FlushStreamingOnGC:0]]
[2021.11.10-16.52.48:682][  0]LogConfig: Setting CVar [[gc.NumRetriesBeforeForcingGC:10]]
[2021.11.10-16.52.48:682][  0]LogConfig: Setting CVar [[gc.AllowParallelGC:1]]
[2021.11.10-16.52.48:682][  0]LogConfig: Setting CVar [[gc.TimeBetweenPurgingPendingKillObjects:61.1]]
[2021.11.10-16.52.48:682][  0]LogConfig: Setting CVar [[gc.MaxObjectsInEditor:25165824]]
[2021.11.10-16.52.48:682][  0]LogConfig: Setting CVar [[gc.IncrementalBeginDestroyEnabled:1]]
[2021.11.10-16.52.48:682][  0]LogConfig: Setting CVar [[gc.CreateGCClusters:1]]
[2021.11.10-16.52.48:682][  0]LogConfig: Setting CVar [[gc.MinGCClusterSize:5]]
[2021.11.10-16.52.48:682][  0]LogConfig: Setting CVar [[gc.ActorClusteringEnabled:0]]
[2021.11.10-16.52.48:682][  0]LogConfig: Setting CVar [[gc.BlueprintClusteringEnabled:0]]
[2021.11.10-16.52.48:682][  0]LogConfig: Setting CVar [[gc.UseDisregardForGCOnDedicatedServers:0]]
[2021.11.10-16.52.48:682][  0]LogConfig: Setting CVar [[gc.MultithreadedDestructionEnabled:1]]
[2021.11.10-16.52.48:682][  0]LogConfig: Applying CVar settings from Section [/Script/Engine.NetworkSettings] File [D:/Game/Introtogame/Title_screen/Saved/Config/Windows/Engine.ini]
[2021.11.10-16.52.48:682][  0]LogConfig: Applying CVar settings from Section [/Script/UnrealEd.CookerSettings] File [D:/Game/Introtogame/Title_screen/Saved/Config/Windows/Engine.ini]
[2021.11.10-16.52.48:705][  0]LogConfig: Applying CVar settings from Section [ViewDistanceQuality@3] File [D:/Game/Introtogame/Title_screen/Saved/Config/Windows/Scalability.ini]
[2021.11.10-16.52.48:705][  0]LogConfig: Setting CVar [[r.SkeletalMeshLODBias:0]]
[2021.11.10-16.52.48:705][  0]LogConfig: Setting CVar [[r.ViewDistanceScale:1.0]]
[2021.11.10-16.52.48:705][  0]LogConfig: Applying CVar settings from Section [AntiAliasingQuality@3] File [D:/Game/Introtogame/Title_screen/Saved/Config/Windows/Scalability.ini]
[2021.11.10-16.52.48:705][  0]LogConfig: Setting CVar [[r.PostProcessAAQuality:4]]
[2021.11.10-16.52.48:705][  0]LogConfig: Applying CVar settings from Section [ShadowQuality@3] File [D:/Game/Introtogame/Title_screen/Saved/Config/Windows/Scalability.ini]
[2021.11.10-16.52.48:705][  0]LogConfig: Setting CVar [[r.LightFunctionQuality:1]]
[2021.11.10-16.52.48:705][  0]LogConfig: Setting CVar [[r.ShadowQuality:5]]
[2021.11.10-16.52.48:705][  0]LogConfig: Setting CVar [[r.Shadow.CSM.MaxCascades:10]]
[2021.11.10-16.52.48:705][  0]LogConfig: Setting CVar [[r.Shadow.MaxResolution:2048]]
[2021.11.10-16.52.48:705][  0]LogConfig: Setting CVar [[r.Shadow.MaxCSMResolution:2048]]
[2021.11.10-16.52.48:705][  0]LogConfig: Setting CVar [[r.Shadow.RadiusThreshold:0.01]]
[2021.11.10-16.52.48:705][  0]LogConfig: Setting CVar [[r.Shadow.DistanceScale:1.0]]
[2021.11.10-16.52.48:705][  0]LogConfig: Setting CVar [[r.Shadow.CSM.TransitionScale:1.0]]
[2021.11.10-16.52.48:705][  0]LogConfig: Setting CVar [[r.Shadow.PreShadowResolutionFactor:1.0]]
[2021.11.10-16.52.48:705][  0]LogConfig: Setting CVar [[r.DistanceFieldShadowing:1]]
[2021.11.10-16.52.48:705][  0]LogConfig: Setting CVar [[r.DistanceFieldAO:1]]
[2021.11.10-16.52.48:705][  0]LogConfig: Setting CVar [[r.AOQuality:2]]
[2021.11.10-16.52.48:705][  0]LogConfig: Setting CVar [[r.VolumetricFog:1]]
[2021.11.10-16.52.48:705][  0]LogConfig: Setting CVar [[r.VolumetricFog.GridPixelSize:8]]
[2021.11.10-16.52.48:705][  0]LogConfig: Setting CVar [[r.VolumetricFog.GridSizeZ:128]]
[2021.11.10-16.52.48:706][  0]LogConfig: Setting CVar [[r.VolumetricFog.HistoryMissSupersampleCount:4]]
[2021.11.10-16.52.48:706][  0]LogConfig: Setting CVar [[r.LightMaxDrawDistanceScale:1]]
[2021.11.10-16.52.48:706][  0]LogConfig: Setting CVar [[r.CapsuleShadows:1]]
[2021.11.10-16.52.48:706][  0]LogConfig: Applying CVar settings from Section [PostProcessQuality@3] File [D:/Game/Introtogame/Title_screen/Saved/Config/Windows/Scalability.ini]
[2021.11.10-16.52.48:706][  0]LogConfig: Setting CVar [[r.MotionBlurQuality:4]]
[2021.11.10-16.52.48:706][  0]LogConfig: Setting CVar [[r.AmbientOcclusionMipLevelFactor:0.4]]
[2021.11.10-16.52.48:706][  0]LogConfig: Setting CVar [[r.AmbientOcclusionMaxQuality:100]]
[2021.11.10-16.52.48:706][  0]LogConfig: Setting CVar [[r.AmbientOcclusionLevels:-1]]
[2021.11.10-16.52.48:706][  0]LogConfig: Setting CVar [[r.AmbientOcclusionRadiusScale:1.0]]
[2021.11.10-16.52.48:706][  0]LogConfig: Setting CVar [[r.DepthOfFieldQuality:2]]
[2021.11.10-16.52.48:706][  0]LogConfig: Setting CVar [[r.RenderTargetPoolMin:400]]
[2021.11.10-16.52.48:706][  0]LogConfig: Setting CVar [[r.LensFlareQuality:2]]
[2021.11.10-16.52.48:706][  0]LogConfig: Setting CVar [[r.SceneColorFringeQuality:1]]
[2021.11.10-16.52.48:706][  0]LogConfig: Setting CVar [[r.EyeAdaptationQuality:2]]
[2021.11.10-16.52.48:706][  0]LogConfig: Setting CVar [[r.BloomQuality:5]]
[2021.11.10-16.52.48:706][  0]LogConfig: Setting CVar [[r.FastBlurThreshold:100]]
[2021.11.10-16.52.48:706][  0]LogConfig: Setting CVar [[r.Upscale.Quality:3]]
[2021.11.10-16.52.48:706][  0]LogConfig: Setting CVar [[r.Tonemapper.GrainQuantization:1]]
[2021.11.10-16.52.48:706][  0]LogConfig: Setting CVar [[r.LightShaftQuality:1]]
[2021.11.10-16.52.48:706][  0]LogConfig: Setting CVar [[r.Filter.SizeScale:1]]
[2021.11.10-16.52.48:706][  0]LogConfig: Setting CVar [[r.Tonemapper.Quality:5]]
[2021.11.10-16.52.48:706][  0]LogConfig: Setting CVar [[r.DOF.Gather.AccumulatorQuality:1        ; higher gathering accumulator quality]]
[2021.11.10-16.52.48:706][  0]LogConfig: Setting CVar [[r.DOF.Gather.PostfilterMethod:1          ; Median3x3 postfilering method]]
[2021.11.10-16.52.48:706][  0]LogConfig: Setting CVar [[r.DOF.Gather.EnableBokehSettings:0       ; no bokeh simulation when gathering]]
[2021.11.10-16.52.48:706][  0]LogConfig: Setting CVar [[r.DOF.Gather.RingCount:4                 ; medium number of samples when gathering]]
[2021.11.10-16.52.48:706][  0]LogConfig: Setting CVar [[r.DOF.Scatter.ForegroundCompositing:1    ; additive foreground scattering]]
[2021.11.10-16.52.48:706][  0]LogConfig: Setting CVar [[r.DOF.Scatter.BackgroundCompositing:2    ; additive background scattering]]
[2021.11.10-16.52.48:706][  0]LogConfig: Setting CVar [[r.DOF.Scatter.EnableBokehSettings:1      ; bokeh simulation when scattering]]
[2021.11.10-16.52.48:706][  0]LogConfig: Setting CVar [[r.DOF.Scatter.MaxSpriteRatio:0.1         ; only a maximum of 10% of scattered bokeh]]
[2021.11.10-16.52.48:706][  0]LogConfig: Setting CVar [[r.DOF.Recombine.Quality:1                ; cheap slight out of focus]]
[2021.11.10-16.52.48:706][  0]LogConfig: Setting CVar [[r.DOF.Recombine.EnableBokehSettings:0    ; no bokeh simulation on slight out of focus]]
[2021.11.10-16.52.48:706][  0]LogConfig: Setting CVar [[r.DOF.TemporalAAQuality:1                ; more stable temporal accumulation]]
[2021.11.10-16.52.48:706][  0]LogConfig: Setting CVar [[r.DOF.Kernel.MaxForegroundRadius:0.025]]
[2021.11.10-16.52.48:706][  0]LogConfig: Setting CVar [[r.DOF.Kernel.MaxBackgroundRadius:0.025]]
[2021.11.10-16.52.48:706][  0]LogConfig: Applying CVar settings from Section [TextureQuality@3] File [D:/Game/Introtogame/Title_screen/Saved/Config/Windows/Scalability.ini]
[2021.11.10-16.52.48:706][  0]LogConfig: Setting CVar [[r.Streaming.MipBias:0]]
[2021.11.10-16.52.48:706][  0]LogConfig: Setting CVar [[r.Streaming.AmortizeCPUToGPUCopy:0]]
[2021.11.10-16.52.48:706][  0]LogConfig: Setting CVar [[r.Streaming.MaxNumTexturesToStreamPerFrame:0]]
[2021.11.10-16.52.48:706][  0]LogConfig: Setting CVar [[r.Streaming.Boost:1]]
[2021.11.10-16.52.48:706][  0]LogConfig: Setting CVar [[r.MaxAnisotropy:8]]
[2021.11.10-16.52.48:706][  0]LogConfig: Setting CVar [[r.VT.MaxAnisotropy:8]]
[2021.11.10-16.52.48:706][  0]LogConfig: Setting CVar [[r.Streaming.LimitPoolSizeToVRAM:0]]
[2021.11.10-16.52.48:706][  0]LogConfig: Setting CVar [[r.Streaming.PoolSize:1000]]
[2021.11.10-16.52.48:706][  0]LogConfig: Setting CVar [[r.Streaming.MaxEffectiveScreenSize:0]]
[2021.11.10-16.52.48:706][  0]LogConfig: Applying CVar settings from Section [EffectsQuality@3] File [D:/Game/Introtogame/Title_screen/Saved/Config/Windows/Scalability.ini]
[2021.11.10-16.52.48:706][  0]LogConfig: Setting CVar [[r.TranslucencyLightingVolumeDim:64]]
[2021.11.10-16.52.48:706][  0]LogConfig: Setting CVar [[r.RefractionQuality:2]]
[2021.11.10-16.52.48:706][  0]LogConfig: Setting CVar [[r.SSR.Quality:3]]
[2021.11.10-16.52.48:706][  0]LogConfig: Setting CVar [[r.SSR.HalfResSceneColor:0]]
[2021.11.10-16.52.48:706][  0]LogConfig: Setting CVar [[r.SceneColorFormat:4]]
[2021.11.10-16.52.48:706][  0]LogConfig: Setting CVar [[r.DetailMode:2]]
[2021.11.10-16.52.48:706][  0]LogConfig: Setting CVar [[r.TranslucencyVolumeBlur:1]]
[2021.11.10-16.52.48:706][  0]LogConfig: Setting CVar [[r.MaterialQualityLevel:1 ; High quality]]
[2021.11.10-16.52.48:706][  0]LogConfig: Setting CVar [[r.AnisotropicMaterials:1]]
[2021.11.10-16.52.48:706][  0]LogConfig: Setting CVar [[r.SSS.Scale:1]]
[2021.11.10-16.52.48:706][  0]LogConfig: Setting CVar [[r.SSS.SampleSet:2]]
[2021.11.10-16.52.48:706][  0]LogConfig: Setting CVar [[r.SSS.Quality:1]]
[2021.11.10-16.52.48:706][  0]LogConfig: Setting CVar [[r.SSS.HalfRes:0]]
[2021.11.10-16.52.48:706][  0]LogConfig: Setting CVar [[r.SSGI.Quality:3]]
[2021.11.10-16.52.48:706][  0]LogConfig: Setting CVar [[r.EmitterSpawnRateScale:1.0]]
[2021.11.10-16.52.48:706][  0]LogConfig: Setting CVar [[r.ParticleLightQuality:2]]
[2021.11.10-16.52.48:706][  0]LogConfig: Setting CVar [[r.SkyAtmosphere.AerialPerspectiveLUT.FastApplyOnOpaque:1 ; Always have FastSkyLUT 1 in this case to avoid wrong sky]]
[2021.11.10-16.52.48:706][  0]LogConfig: Setting CVar [[r.SkyAtmosphere.AerialPerspectiveLUT.SampleCountMaxPerSlice:4]]
[2021.11.10-16.52.48:706][  0]LogConfig: Setting CVar [[r.SkyAtmosphere.AerialPerspectiveLUT.DepthResolution:16.0]]
[2021.11.10-16.52.48:706][  0]LogConfig: Setting CVar [[r.SkyAtmosphere.FastSkyLUT:1]]
[2021.11.10-16.52.48:706][  0]LogConfig: Setting CVar [[r.SkyAtmosphere.FastSkyLUT.SampleCountMin:4.0]]
[2021.11.10-16.52.48:706][  0]LogConfig: Setting CVar [[r.SkyAtmosphere.FastSkyLUT.SampleCountMax:128.0]]
[2021.11.10-16.52.48:706][  0]LogConfig: Setting CVar [[r.SkyAtmosphere.SampleCountMin:4.0]]
[2021.11.10-16.52.48:706][  0]LogConfig: Setting CVar [[r.SkyAtmosphere.SampleCountMax:128.0]]
[2021.11.10-16.52.48:706][  0]LogConfig: Setting CVar [[r.SkyAtmosphere.TransmittanceLUT.UseSmallFormat:0]]
[2021.11.10-16.52.48:706][  0]LogConfig: Setting CVar [[r.SkyAtmosphere.TransmittanceLUT.SampleCount:10.0]]
[2021.11.10-16.52.48:706][  0]LogConfig: Setting CVar [[r.SkyAtmosphere.MultiScatteringLUT.SampleCount:15.0]]
[2021.11.10-16.52.48:706][  0]LogConfig: Setting CVar [[r.SkyLight.RealTimeReflectionCapture:1]]
[2021.11.10-16.52.48:706][  0]LogConfig: Applying CVar settings from Section [FoliageQuality@3] File [D:/Game/Introtogame/Title_screen/Saved/Config/Windows/Scalability.ini]
[2021.11.10-16.52.48:706][  0]LogConfig: Setting CVar [[foliage.DensityScale:1.0]]
[2021.11.10-16.52.48:706][  0]LogConfig: Setting CVar [[grass.DensityScale:1.0]]
[2021.11.10-16.52.48:706][  0]LogConfig: Applying CVar settings from Section [ShadingQuality@3] File [D:/Game/Introtogame/Title_screen/Saved/Config/Windows/Scalability.ini]
[2021.11.10-16.52.48:706][  0]LogConfig: Setting CVar [[r.HairStrands.SkyLighting.IntegrationType:2]]
[2021.11.10-16.52.48:706][  0]LogConfig: Setting CVar [[r.HairStrands.SkyAO.SampleCount:4]]
[2021.11.10-16.52.48:706][  0]LogConfig: Setting CVar [[r.HairStrands.Visibility.MSAA.SamplePerPixel:4]]
[2021.11.10-16.52.48:706][  0]LogInit: Selected Device Profile: [Windows]
[2021.11.10-16.52.48:706][  0]LogInit: Applying CVar settings loaded from the selected device profile: [Windows]
[2021.11.10-16.52.48:706][  0]LogHAL: Display: Platform has ~ 64 GB [68629557248 / 68719476736 / 64], which maps to Largest [LargestMinGB=32, LargerMinGB=12, DefaultMinGB=8, SmallerMinGB=6, SmallestMinGB=0)
[2021.11.10-16.52.48:706][  0]LogInit: Going up to parent DeviceProfile []
[2021.11.10-16.52.48:706][  0]LogConfig: Applying CVar settings from Section [ViewDistanceQuality@3] File [D:/Game/Introtogame/Title_screen/Saved/Config/Windows/Scalability.ini]
[2021.11.10-16.52.48:706][  0]LogConfig: Setting CVar [[r.SkeletalMeshLODBias:0]]
[2021.11.10-16.52.48:706][  0]LogConfig: Setting CVar [[r.ViewDistanceScale:1.0]]
[2021.11.10-16.52.48:706][  0]LogConfig: Applying CVar settings from Section [AntiAliasingQuality@3] File [D:/Game/Introtogame/Title_screen/Saved/Config/Windows/Scalability.ini]
[2021.11.10-16.52.48:706][  0]LogConfig: Setting CVar [[r.PostProcessAAQuality:4]]
[2021.11.10-16.52.48:706][  0]LogConfig: Applying CVar settings from Section [ShadowQuality@3] File [D:/Game/Introtogame/Title_screen/Saved/Config/Windows/Scalability.ini]
[2021.11.10-16.52.48:706][  0]LogConfig: Setting CVar [[r.LightFunctionQuality:1]]
[2021.11.10-16.52.48:706][  0]LogConfig: Setting CVar [[r.ShadowQuality:5]]
[2021.11.10-16.52.48:706][  0]LogConfig: Setting CVar [[r.Shadow.CSM.MaxCascades:10]]
[2021.11.10-16.52.48:706][  0]LogConfig: Setting CVar [[r.Shadow.MaxResolution:2048]]
[2021.11.10-16.52.48:706][  0]LogConfig: Setting CVar [[r.Shadow.MaxCSMResolution:2048]]
[2021.11.10-16.52.48:706][  0]LogConfig: Setting CVar [[r.Shadow.RadiusThreshold:0.01]]
[2021.11.10-16.52.48:706][  0]LogConfig: Setting CVar [[r.Shadow.DistanceScale:1.0]]
[2021.11.10-16.52.48:706][  0]LogConfig: Setting CVar [[r.Shadow.CSM.TransitionScale:1.0]]
[2021.11.10-16.52.48:706][  0]LogConfig: Setting CVar [[r.Shadow.PreShadowResolutionFactor:1.0]]
[2021.11.10-16.52.48:706][  0]LogConfig: Setting CVar [[r.DistanceFieldShadowing:1]]
[2021.11.10-16.52.48:706][  0]LogConfig: Setting CVar [[r.DistanceFieldAO:1]]
[2021.11.10-16.52.48:706][  0]LogConfig: Setting CVar [[r.AOQuality:2]]
[2021.11.10-16.52.48:706][  0]LogConfig: Setting CVar [[r.VolumetricFog:1]]
[2021.11.10-16.52.48:706][  0]LogConfig: Setting CVar [[r.VolumetricFog.GridPixelSize:8]]
[2021.11.10-16.52.48:706][  0]LogConfig: Setting CVar [[r.VolumetricFog.GridSizeZ:128]]
[2021.11.10-16.52.48:706][  0]LogConfig: Setting CVar [[r.VolumetricFog.HistoryMissSupersampleCount:4]]
[2021.11.10-16.52.48:707][  0]LogConfig: Setting CVar [[r.LightMaxDrawDistanceScale:1]]
[2021.11.10-16.52.48:707][  0]LogConfig: Setting CVar [[r.CapsuleShadows:1]]
[2021.11.10-16.52.48:707][  0]LogConfig: Applying CVar settings from Section [PostProcessQuality@3] File [D:/Game/Introtogame/Title_screen/Saved/Config/Windows/Scalability.ini]
[2021.11.10-16.52.48:707][  0]LogConfig: Setting CVar [[r.MotionBlurQuality:4]]
[2021.11.10-16.52.48:707][  0]LogConfig: Setting CVar [[r.AmbientOcclusionMipLevelFactor:0.4]]
[2021.11.10-16.52.48:707][  0]LogConfig: Setting CVar [[r.AmbientOcclusionMaxQuality:100]]
[2021.11.10-16.52.48:707][  0]LogConfig: Setting CVar [[r.AmbientOcclusionLevels:-1]]
[2021.11.10-16.52.48:707][  0]LogConfig: Setting CVar [[r.AmbientOcclusionRadiusScale:1.0]]
[2021.11.10-16.52.48:707][  0]LogConfig: Setting CVar [[r.DepthOfFieldQuality:2]]
[2021.11.10-16.52.48:707][  0]LogConfig: Setting CVar [[r.RenderTargetPoolMin:400]]
[2021.11.10-16.52.48:707][  0]LogConfig: Setting CVar [[r.LensFlareQuality:2]]
[2021.11.10-16.52.48:707][  0]LogConfig: Setting CVar [[r.SceneColorFringeQuality:1]]
[2021.11.10-16.52.48:707][  0]LogConfig: Setting CVar [[r.EyeAdaptationQuality:2]]
[2021.11.10-16.52.48:707][  0]LogConfig: Setting CVar [[r.BloomQuality:5]]
[2021.11.10-16.52.48:707][  0]LogConfig: Setting CVar [[r.FastBlurThreshold:100]]
[2021.11.10-16.52.48:707][  0]LogConfig: Setting CVar [[r.Upscale.Quality:3]]
[2021.11.10-16.52.48:707][  0]LogConfig: Setting CVar [[r.Tonemapper.GrainQuantization:1]]
[2021.11.10-16.52.48:707][  0]LogConfig: Setting CVar [[r.LightShaftQuality:1]]
[2021.11.10-16.52.48:707][  0]LogConfig: Setting CVar [[r.Filter.SizeScale:1]]
[2021.11.10-16.52.48:707][  0]LogConfig: Setting CVar [[r.Tonemapper.Quality:5]]
[2021.11.10-16.52.48:707][  0]LogConfig: Setting CVar [[r.DOF.Gather.AccumulatorQuality:1        ; higher gathering accumulator quality]]
[2021.11.10-16.52.48:707][  0]LogConfig: Setting CVar [[r.DOF.Gather.PostfilterMethod:1          ; Median3x3 postfilering method]]
[2021.11.10-16.52.48:707][  0]LogConfig: Setting CVar [[r.DOF.Gather.EnableBokehSettings:0       ; no bokeh simulation when gathering]]
[2021.11.10-16.52.48:707][  0]LogConfig: Setting CVar [[r.DOF.Gather.RingCount:4                 ; medium number of samples when gathering]]
[2021.11.10-16.52.48:707][  0]LogConfig: Setting CVar [[r.DOF.Scatter.ForegroundCompositing:1    ; additive foreground scattering]]
[2021.11.10-16.52.48:707][  0]LogConfig: Setting CVar [[r.DOF.Scatter.BackgroundCompositing:2    ; additive background scattering]]
[2021.11.10-16.52.48:707][  0]LogConfig: Setting CVar [[r.DOF.Scatter.EnableBokehSettings:1      ; bokeh simulation when scattering]]
[2021.11.10-16.52.48:707][  0]LogConfig: Setting CVar [[r.DOF.Scatter.MaxSpriteRatio:0.1         ; only a maximum of 10% of scattered bokeh]]
[2021.11.10-16.52.48:707][  0]LogConfig: Setting CVar [[r.DOF.Recombine.Quality:1                ; cheap slight out of focus]]
[2021.11.10-16.52.48:707][  0]LogConfig: Setting CVar [[r.DOF.Recombine.EnableBokehSettings:0    ; no bokeh simulation on slight out of focus]]
[2021.11.10-16.52.48:707][  0]LogConfig: Setting CVar [[r.DOF.TemporalAAQuality:1                ; more stable temporal accumulation]]
[2021.11.10-16.52.48:707][  0]LogConfig: Setting CVar [[r.DOF.Kernel.MaxForegroundRadius:0.025]]
[2021.11.10-16.52.48:707][  0]LogConfig: Setting CVar [[r.DOF.Kernel.MaxBackgroundRadius:0.025]]
[2021.11.10-16.52.48:707][  0]LogConfig: Applying CVar settings from Section [TextureQuality@3] File [D:/Game/Introtogame/Title_screen/Saved/Config/Windows/Scalability.ini]
[2021.11.10-16.52.48:707][  0]LogConfig: Setting CVar [[r.Streaming.MipBias:0]]
[2021.11.10-16.52.48:707][  0]LogConfig: Setting CVar [[r.Streaming.AmortizeCPUToGPUCopy:0]]
[2021.11.10-16.52.48:707][  0]LogConfig: Setting CVar [[r.Streaming.MaxNumTexturesToStreamPerFrame:0]]
[2021.11.10-16.52.48:707][  0]LogConfig: Setting CVar [[r.Streaming.Boost:1]]
[2021.11.10-16.52.48:707][  0]LogConfig: Setting CVar [[r.MaxAnisotropy:8]]
[2021.11.10-16.52.48:707][  0]LogConfig: Setting CVar [[r.VT.MaxAnisotropy:8]]
[2021.11.10-16.52.48:707][  0]LogConfig: Setting CVar [[r.Streaming.LimitPoolSizeToVRAM:0]]
[2021.11.10-16.52.48:707][  0]LogConfig: Setting CVar [[r.Streaming.PoolSize:1000]]
[2021.11.10-16.52.48:707][  0]LogConfig: Setting CVar [[r.Streaming.MaxEffectiveScreenSize:0]]
[2021.11.10-16.52.48:707][  0]LogConfig: Applying CVar settings from Section [EffectsQuality@3] File [D:/Game/Introtogame/Title_screen/Saved/Config/Windows/Scalability.ini]
[2021.11.10-16.52.48:707][  0]LogConfig: Setting CVar [[r.TranslucencyLightingVolumeDim:64]]
[2021.11.10-16.52.48:707][  0]LogConfig: Setting CVar [[r.RefractionQuality:2]]
[2021.11.10-16.52.48:707][  0]LogConfig: Setting CVar [[r.SSR.Quality:3]]
[2021.11.10-16.52.48:707][  0]LogConfig: Setting CVar [[r.SSR.HalfResSceneColor:0]]
[2021.11.10-16.52.48:707][  0]LogConfig: Setting CVar [[r.SceneColorFormat:4]]
[2021.11.10-16.52.48:707][  0]LogConfig: Setting CVar [[r.DetailMode:2]]
[2021.11.10-16.52.48:707][  0]LogConfig: Setting CVar [[r.TranslucencyVolumeBlur:1]]
[2021.11.10-16.52.48:707][  0]LogConfig: Setting CVar [[r.MaterialQualityLevel:1 ; High quality]]
[2021.11.10-16.52.48:707][  0]LogConfig: Setting CVar [[r.AnisotropicMaterials:1]]
[2021.11.10-16.52.48:707][  0]LogConfig: Setting CVar [[r.SSS.Scale:1]]
[2021.11.10-16.52.48:707][  0]LogConfig: Setting CVar [[r.SSS.SampleSet:2]]
[2021.11.10-16.52.48:707][  0]LogConfig: Setting CVar [[r.SSS.Quality:1]]
[2021.11.10-16.52.48:707][  0]LogConfig: Setting CVar [[r.SSS.HalfRes:0]]
[2021.11.10-16.52.48:707][  0]LogConfig: Setting CVar [[r.SSGI.Quality:3]]
[2021.11.10-16.52.48:707][  0]LogConfig: Setting CVar [[r.EmitterSpawnRateScale:1.0]]
[2021.11.10-16.52.48:707][  0]LogConfig: Setting CVar [[r.ParticleLightQuality:2]]
[2021.11.10-16.52.48:707][  0]LogConfig: Setting CVar [[r.SkyAtmosphere.AerialPerspectiveLUT.FastApplyOnOpaque:1 ; Always have FastSkyLUT 1 in this case to avoid wrong sky]]
[2021.11.10-16.52.48:707][  0]LogConfig: Setting CVar [[r.SkyAtmosphere.AerialPerspectiveLUT.SampleCountMaxPerSlice:4]]
[2021.11.10-16.52.48:707][  0]LogConfig: Setting CVar [[r.SkyAtmosphere.AerialPerspectiveLUT.DepthResolution:16.0]]
[2021.11.10-16.52.48:707][  0]LogConfig: Setting CVar [[r.SkyAtmosphere.FastSkyLUT:1]]
[2021.11.10-16.52.48:707][  0]LogConfig: Setting CVar [[r.SkyAtmosphere.FastSkyLUT.SampleCountMin:4.0]]
[2021.11.10-16.52.48:707][  0]LogConfig: Setting CVar [[r.SkyAtmosphere.FastSkyLUT.SampleCountMax:128.0]]
[2021.11.10-16.52.48:707][  0]LogConfig: Setting CVar [[r.SkyAtmosphere.SampleCountMin:4.0]]
[2021.11.10-16.52.48:707][  0]LogConfig: Setting CVar [[r.SkyAtmosphere.SampleCountMax:128.0]]
[2021.11.10-16.52.48:707][  0]LogConfig: Setting CVar [[r.SkyAtmosphere.TransmittanceLUT.UseSmallFormat:0]]
[2021.11.10-16.52.48:707][  0]LogConfig: Setting CVar [[r.SkyAtmosphere.TransmittanceLUT.SampleCount:10.0]]
[2021.11.10-16.52.48:707][  0]LogConfig: Setting CVar [[r.SkyAtmosphere.MultiScatteringLUT.SampleCount:15.0]]
[2021.11.10-16.52.48:707][  0]LogConfig: Setting CVar [[r.SkyLight.RealTimeReflectionCapture:1]]
[2021.11.10-16.52.48:707][  0]LogConfig: Applying CVar settings from Section [FoliageQuality@3] File [D:/Game/Introtogame/Title_screen/Saved/Config/Windows/Scalability.ini]
[2021.11.10-16.52.48:707][  0]LogConfig: Setting CVar [[foliage.DensityScale:1.0]]
[2021.11.10-16.52.48:707][  0]LogConfig: Setting CVar [[grass.DensityScale:1.0]]
[2021.11.10-16.52.48:707][  0]LogConfig: Applying CVar settings from Section [ShadingQuality@3] File [D:/Game/Introtogame/Title_screen/Saved/Config/Windows/Scalability.ini]
[2021.11.10-16.52.48:707][  0]LogConfig: Setting CVar [[r.HairStrands.SkyLighting.IntegrationType:2]]
[2021.11.10-16.52.48:707][  0]LogConfig: Setting CVar [[r.HairStrands.SkyAO.SampleCount:4]]
[2021.11.10-16.52.48:707][  0]LogConfig: Setting CVar [[r.HairStrands.Visibility.MSAA.SamplePerPixel:4]]
[2021.11.10-16.52.48:707][  0]LogConfig: Applying CVar settings from Section [Startup] File [../../../Engine/Config/ConsoleVariables.ini]
[2021.11.10-16.52.48:707][  0]LogConfig: Setting CVar [[net.UseAdaptiveNetUpdateFrequency:0]]
[2021.11.10-16.52.48:707][  0]LogConfig: Setting CVar [[p.chaos.AllowCreatePhysxBodies:1]]
[2021.11.10-16.52.48:707][  0]LogConfig: Setting CVar [[fx.SkipVectorVMBackendOptimizations:1]]
[2021.11.10-16.52.48:707][  0]LogConfig: Applying CVar settings from Section [ConsoleVariables] File [D:/Game/Introtogame/Title_screen/Saved/Config/Windows/Engine.ini]
[2021.11.10-16.52.48:707][  0]LogConfig: Applying CVar settings from Section [ConsoleVariables] File [D:/Game/Introtogame/Title_screen/Saved/Config/Windows/Editor.ini]
[2021.11.10-16.52.48:707][  0]LogInit: Computer: DESKTOP-VO6F8IG
[2021.11.10-16.52.48:707][  0]LogInit: User: User
[2021.11.10-16.52.48:707][  0]LogInit: CPU Page size=4096, Cores=16
[2021.11.10-16.52.48:707][  0]LogInit: High frequency timer resolution =10.000000 MHz
[2021.11.10-16.52.48:707][  0]LogMemory: Memory total: Physical=63.9GB (64GB approx)
[2021.11.10-16.52.48:707][  0]LogMemory: Platform Memory Stats for Windows
[2021.11.10-16.52.48:707][  0]LogMemory: Process Physical Memory: 150.52 MB used, 150.53 MB peak
[2021.11.10-16.52.48:707][  0]LogMemory: Process Virtual Memory: 141.68 MB used, 141.68 MB peak
[2021.11.10-16.52.48:707][  0]LogMemory: Physical Memory: 13587.25 MB used,  51863.00 MB free, 65450.25 MB total
[2021.11.10-16.52.48:707][  0]LogMemory: Virtual Memory: 134160296.00 MB used,  57429.27 MB free, 134217728.00 MB total
[2021.11.10-16.52.48:713][  0]LogWindows: WindowsPlatformFeatures enabled
[2021.11.10-16.52.48:765][  0]LogInit: Physics initialised using underlying interface: PhysX
[2021.11.10-16.52.48:766][  0]LogInit: Using OS detected language (en-US).
[2021.11.10-16.52.48:766][  0]LogInit: Using OS detected locale (en-US).
[2021.11.10-16.52.48:768][  0]LogTextLocalizationManager: No specific localization for 'en-US' exists, so the 'en' localization will be used.
[2021.11.10-16.52.48:905][  0]LogInit: Setting process to per monitor DPI aware
[2021.11.10-16.52.48:918][  0]LogWindowsTextInputMethodSystem: Display: IME system deactivated.
[2021.11.10-16.52.48:931][  0]LogSlate: New Slate User Created.  User Index 0, Is Virtual User: 0
[2021.11.10-16.52.48:931][  0]LogSlate: Slate User Registered.  User Index 0, Is Virtual User: 0
[2021.11.10-16.52.49:021][  0]LogD3D11RHI: Loaded GFSDK_Aftermath_Lib.x64.dll
[2021.11.10-16.52.49:052][  0]LogHMD: Failed to initialize OpenVR with code 126
[2021.11.10-16.52.49:052][  0]LogD3D11RHI: D3D11 min allowed feature level: 11_0
[2021.11.10-16.52.49:052][  0]LogD3D11RHI: D3D11 max allowed feature level: 11_0
[2021.11.10-16.52.49:052][  0]LogD3D11RHI: D3D11 adapters:
[2021.11.10-16.52.49:160][  0]LogD3D11RHI:    0. 'NVIDIA GeForce RTX 3090' (Feature Level 11_0)
[2021.11.10-16.52.49:160][  0]LogD3D11RHI:       24348/0/32725 MB DedicatedVideo/DedicatedSystem/SharedSystem, Outputs:2, VendorId:0x10de
[2021.11.10-16.52.49:162][  0]LogD3D11RHI:    1. 'Microsoft Basic Render Driver' (Feature Level 11_0)
[2021.11.10-16.52.49:162][  0]LogD3D11RHI:       0/0/32725 MB DedicatedVideo/DedicatedSystem/SharedSystem, Outputs:0, VendorId:0x1414
[2021.11.10-16.52.49:162][  0]LogD3D11RHI: Chosen D3D11 Adapter:
[2021.11.10-16.52.49:162][  0]LogD3D11RHI:     Description : NVIDIA GeForce RTX 3090
[2021.11.10-16.52.49:162][  0]LogD3D11RHI:     VendorId    : 10de
[2021.11.10-16.52.49:162][  0]LogD3D11RHI:     DeviceId    : 2204
[2021.11.10-16.52.49:162][  0]LogD3D11RHI:     SubSysId    : 87b31043
[2021.11.10-16.52.49:162][  0]LogD3D11RHI:     Revision    : 00a1
[2021.11.10-16.52.49:162][  0]LogD3D11RHI:     DedicatedVideoMemory : 25530728448 bytes
[2021.11.10-16.52.49:162][  0]LogD3D11RHI:     DedicatedSystemMemory : 0 bytes
[2021.11.10-16.52.49:162][  0]LogD3D11RHI:     SharedSystemMemory : 34314778624 bytes
[2021.11.10-16.52.49:162][  0]LogD3D11RHI:     AdapterLuid : 0 57567
[2021.11.10-16.52.49:170][  0]LogD3D11RHI: Creating new Direct3DDevice
[2021.11.10-16.52.49:170][  0]LogD3D11RHI:     GPU DeviceId: 0x2204 (for the marketing name, search the web for "GPU Device Id")
[2021.11.10-16.52.49:171][  0]LogWindows: EnumDisplayDevices:
[2021.11.10-16.52.49:171][  0]LogWindows:    0. 'NVIDIA GeForce RTX 3090' (P:1 D:1)
[2021.11.10-16.52.49:171][  0]LogWindows:    1. 'NVIDIA GeForce RTX 3090' (P:0 D:1)
[2021.11.10-16.52.49:171][  0]LogWindows:    2. 'NVIDIA GeForce RTX 3090' (P:0 D:0)
[2021.11.10-16.52.49:172][  0]LogWindows:    3. 'NVIDIA GeForce RTX 3090' (P:0 D:0)
[2021.11.10-16.52.49:172][  0]LogWindows: DebugString: FoundDriverCount:4 
[2021.11.10-16.52.49:172][  0]LogD3D11RHI:     Adapter Name: NVIDIA GeForce RTX 3090
[2021.11.10-16.52.49:172][  0]LogD3D11RHI:   Driver Version: 496.13 (internal:30.0.14.9613, unified:496.13)
[2021.11.10-16.52.49:172][  0]LogD3D11RHI:      Driver Date: 10-6-2021
[2021.11.10-16.52.49:172][  0]LogRHI: Texture pool is 17043 MB (70% of 24348 MB)
[2021.11.10-16.52.49:172][  0]LogD3D11RHI: Creating D3DDevice using adapter:
[2021.11.10-16.52.49:172][  0]LogD3D11RHI:     Description : NVIDIA GeForce RTX 3090
[2021.11.10-16.52.49:172][  0]LogD3D11RHI:     VendorId    : 10de
[2021.11.10-16.52.49:172][  0]LogD3D11RHI:     DeviceId    : 2204
[2021.11.10-16.52.49:172][  0]LogD3D11RHI:     SubSysId    : 87b31043
[2021.11.10-16.52.49:172][  0]LogD3D11RHI:     Revision    : 00a1
[2021.11.10-16.52.49:172][  0]LogD3D11RHI:     DedicatedVideoMemory : 25530728448 bytes
[2021.11.10-16.52.49:172][  0]LogD3D11RHI:     DedicatedSystemMemory : 0 bytes
[2021.11.10-16.52.49:172][  0]LogD3D11RHI:     SharedSystemMemory : 34314778624 bytes
[2021.11.10-16.52.49:172][  0]LogD3D11RHI:     AdapterLuid : 0 57567
[2021.11.10-16.52.49:224][  0]LogD3D11RHI: RHI has support for 64 bit atomics
[2021.11.10-16.52.49:224][  0]LogD3D11RHI: Async texture creation enabled
[2021.11.10-16.52.49:224][  0]LogD3D11RHI: Array index from any shader is supported
[2021.11.10-16.52.49:225][  0]LogD3D11RHI: HDR output is supported on display 0 (NvId: 0x80061085).
[2021.11.10-16.52.49:240][  0]LogD3D11RHI: GPU Timing Frequency: 1000.000000 (Debug: 2 1)
[2021.11.10-16.52.49:272][  0]LogRHI: GeForceNow SDK initialized: 1
[2021.11.10-16.52.49:540][  0]LogTargetPlatformManager: Display: Loaded TargetPlatform 'AllDesktop'
[2021.11.10-16.52.49:558][  0]LogTargetPlatformManager: Display: Loaded TargetPlatform 'Android'
[2021.11.10-16.52.49:558][  0]LogTargetPlatformManager: Display: Loaded TargetPlatform 'Android_ASTC'
[2021.11.10-16.52.49:558][  0]LogTargetPlatformManager: Display: Loaded TargetPlatform 'Android_DXT'
[2021.11.10-16.52.49:558][  0]LogTargetPlatformManager: Display: Loaded TargetPlatform 'Android_ETC2'
[2021.11.10-16.52.49:558][  0]LogTargetPlatformManager: Display: Loaded TargetPlatform 'AndroidClient'
[2021.11.10-16.52.49:558][  0]LogTargetPlatformManager: Display: Loaded TargetPlatform 'Android_ASTCClient'
[2021.11.10-16.52.49:558][  0]LogTargetPlatformManager: Display: Loaded TargetPlatform 'Android_DXTClient'
[2021.11.10-16.52.49:558][  0]LogTargetPlatformManager: Display: Loaded TargetPlatform 'Android_ETC2Client'
[2021.11.10-16.52.49:558][  0]LogTargetPlatformManager: Display: Loaded TargetPlatform 'Android_Multi'
[2021.11.10-16.52.49:558][  0]LogTargetPlatformManager: Display: Loaded TargetPlatform 'Android_MultiClient'
[2021.11.10-16.52.49:573][  0]LogTargetPlatformManager: Display: Loaded TargetPlatform 'IOSClient'
[2021.11.10-16.52.49:573][  0]LogTargetPlatformManager: Display: Loaded TargetPlatform 'IOS'
[2021.11.10-16.52.49:583][  0]LogTargetPlatformManager: Display: Loaded TargetPlatform 'Linux'
[2021.11.10-16.52.49:588][  0]LogTargetPlatformManager: Display: Loaded TargetPlatform 'LinuxNoEditor'
[2021.11.10-16.52.49:592][  0]LogTargetPlatformManager: Display: Loaded TargetPlatform 'LinuxClient'
[2021.11.10-16.52.49:596][  0]LogTargetPlatformManager: Display: Loaded TargetPlatform 'LinuxServer'
[2021.11.10-16.52.49:604][  0]LogTargetPlatformManager: Display: Loaded TargetPlatform 'LinuxAArch64NoEditor'
[2021.11.10-16.52.49:608][  0]LogTargetPlatformManager: Display: Loaded TargetPlatform 'LinuxAArch64Client'
[2021.11.10-16.52.49:612][  0]LogTargetPlatformManager: Display: Loaded TargetPlatform 'LinuxAArch64Server'
[2021.11.10-16.52.49:630][  0]LogTargetPlatformManager: Display: Loaded TargetPlatform 'Lumin'
[2021.11.10-16.52.49:630][  0]LogTargetPlatformManager: Display: Loaded TargetPlatform 'LuminClient'
[2021.11.10-16.52.49:638][  0]LogTargetPlatformManager: Display: Loaded TargetPlatform 'MacNoEditor'
[2021.11.10-16.52.49:642][  0]LogTargetPlatformManager: Display: Loaded TargetPlatform 'Mac'
[2021.11.10-16.52.49:646][  0]LogTargetPlatformManager: Display: Loaded TargetPlatform 'MacClient'
[2021.11.10-16.52.49:650][  0]LogTargetPlatformManager: Display: Loaded TargetPlatform 'MacServer'
[2021.11.10-16.52.49:658][  0]LogTargetPlatformManager: Display: Loaded TargetPlatform 'TVOSClient'
[2021.11.10-16.52.49:658][  0]LogTargetPlatformManager: Display: Loaded TargetPlatform 'TVOS'
[2021.11.10-16.52.49:666][  0]LogTargetPlatformManager: Display: Loaded TargetPlatform 'WindowsNoEditor'
[2021.11.10-16.52.49:669][  0]LogTargetPlatformManager: Display: Loaded TargetPlatform 'Windows'
[2021.11.10-16.52.49:673][  0]LogTargetPlatformManager: Display: Loaded TargetPlatform 'WindowsClient'
[2021.11.10-16.52.49:677][  0]LogTargetPlatformManager: Display: Loaded TargetPlatform 'WindowsServer'
[2021.11.10-16.52.49:677][  0]LogTargetPlatformManager: Display: Building Assets For Windows
[2021.11.10-16.52.49:686][  0]LogAudioDebug: Display: Lib vorbis DLL was dynamically loaded.
[2021.11.10-16.52.49:718][  0]LogTextureFormatOodle: Display: Oodle Texture 2.9.0 init RDO Off
[2021.11.10-16.52.49:748][  0]LogRendererCore: Ray tracing is disabled. Reason: r.RayTracing=0.
[2021.11.10-16.52.49:748][  0]LogShaderCompilers: Guid format shader working directory is 1 characters bigger than the processId version (../../../../../Game/Introtogame/Title_screen/Intermediate/Shaders/WorkingDirectory/9992/).
[2021.11.10-16.52.49:748][  0]LogShaderCompilers: Cleaned the shader compiler working directory 'C:/Users/User/AppData/Local/Temp/UnrealShaderWorkingDir/63E926CA4EE252A08B88678894BD5806/'.
[2021.11.10-16.52.49:749][  0]LogXGEController: Cannot use XGE Controller as Incredibuild is not installed on this machine.
[2021.11.10-16.52.49:749][  0]LogShaderCompilers: Cannot use XGE Shader Compiler as Incredibuild is not installed on this machine.
[2021.11.10-16.52.49:749][  0]LogShaderCompilers: Display: Using Local Shader Compiler.
[2021.11.10-16.52.50:272][  0]LogDerivedDataCache: Display: Max Cache Size: 512 MB
[2021.11.10-16.52.50:313][  0]LogDerivedDataCache: Loaded boot cache 0.04s 110MB C:/Users/User/AppData/Local/UnrealEngine/4.27/DerivedDataCache/Boot.ddc.
[2021.11.10-16.52.50:313][  0]LogDerivedDataCache: Display: Loaded Boot cache: C:/Users/User/AppData/Local/UnrealEngine/4.27/DerivedDataCache/Boot.ddc
[2021.11.10-16.52.50:313][  0]LogDerivedDataCache: FDerivedDataBackendGraph:  Pak pak cache file ../../../../../Game/Introtogame/Title_screen/DerivedDataCache/DDC.ddp not found, will not use a pak cache.
[2021.11.10-16.52.50:313][  0]LogDerivedDataCache: Unable to find inner node Pak for hierarchical cache Hierarchy.
[2021.11.10-16.52.50:313][  0]LogDerivedDataCache: FDerivedDataBackendGraph:  CompressedPak pak cache file ../../../../../Game/Introtogame/Title_screen/DerivedDataCache/Compressed.ddp not found, will not use a pak cache.
[2021.11.10-16.52.50:313][  0]LogDerivedDataCache: Unable to find inner node CompressedPak for hierarchical cache Hierarchy.
[2021.11.10-16.52.50:326][  0]LogDerivedDataCache: Display: Pak cache opened for reading ../../../Engine/DerivedDataCache/Compressed.ddp.
[2021.11.10-16.52.50:326][  0]LogDerivedDataCache: FDerivedDataBackendGraph:  EnterprisePak pak cache file ../../../Enterprise/DerivedDataCache/Compressed.ddp not found, will not use a pak cache.
[2021.11.10-16.52.50:326][  0]LogDerivedDataCache: Unable to find inner node EnterprisePak for hierarchical cache Hierarchy.
[2021.11.10-16.52.50:336][  0]LogDerivedDataCache: Speed tests for C:/Users/User/AppData/Local/UnrealEngine/Common/DerivedDataCache took 0.01 seconds
[2021.11.10-16.52.50:336][  0]LogDerivedDataCache: Display: Performance to C:/Users/User/AppData/Local/UnrealEngine/Common/DerivedDataCache: Latency=0.04ms. RandomReadSpeed=1611.52MBs, RandomWriteSpeed=98.44MBs. Assigned SpeedClass 'Local'
[2021.11.10-16.52.50:337][  0]LogDerivedDataCache: Using Local data cache path C:/Users/User/AppData/Local/UnrealEngine/Common/DerivedDataCache: Writable
[2021.11.10-16.52.50:337][  0]LogDerivedDataCache: Shared data cache path not found in *engine.ini, will not use an Shared cache.
[2021.11.10-16.52.50:337][  0]LogDerivedDataCache: Unable to find inner node Shared for hierarchical cache Hierarchy.
[2021.11.10-16.52.50:370][  0]LogSlate: Using FreeType 2.10.0
[2021.11.10-16.52.50:370][  0]LogSlate: SlateFontServices - WITH_FREETYPE: 1, WITH_HARFBUZZ: 1
[2021.11.10-16.52.50:469][  0]LogAssetRegistry: FAssetRegistry took 0.0022 seconds to start up
[2021.11.10-16.52.50:638][  0]LogInit: Selected Device Profile: [Windows]
[2021.11.10-16.52.50:638][  0]LogInit: Active device profile: [000001D4E8427F00][000001D4E18FB100 49] Windows
[2021.11.10-16.52.50:638][  0]LogInit: Profiles: [000001D4E8427F00][000001D4E18FB100 49] Windows, [000001D4E8443F00][000001D4E1903280 49] WindowsNoEditor, [000001D4E8424200][000001D4E1907400 49] WindowsServer, [000001D4E8442600][000001D4E62BD580 49] WindowsClient, [000001D4E8425900][000001D4E62C1700 49] IOS, [000001D4E8441E00][000001D4E62C5880 49] iPadAir, [000001D4E8426000][000001D4E62C9A00 49] iPadAir2, [000001D4E83E8300][000001D4E62D0140 49] IPadPro, [000001D4E83E8400][000001D4E62CC180 49] iPadAir3, [000001D4E8427800][000001D4E62D4300 49] iPadAir4, [000001D4E83EBA00][000001D4E62D8480 49] iPadMini2, [000001D4E8424800][000001D4E18FE5C0 49] iPadMini3, [000001D4E83E9300][000001D4E62DC700 49] iPadMini4, [000001D4E8427000][000001D4E62E0840 49] iPadMini5, [000001D4E83DBB00][000001D4E62ECAC0 49] iPhone6, [000001D4E83DBC00][000001D4E62E4B00 49] iPodTouch6, [000001D4E83EB300][000001D4E62F4DC0 49] iPhone7, [000001D4E83EB200][000001D4E62F0E00 49] iPodTouch7, [000001D4E83D8700][000001D4E62F8F80 49] iPhone5S, [000001D4E83EB700][000001D4E62FD100 49] iPhone6Plus, [000001D4E83DB000][000001D4E6301280 49] iPhone6S, [000001D4E83EBF00][000001D4E6305400 49] iPhone6SPlus, [000001D4E83D9100][000001D4E7C3B580 49] iPhone7Plus, [000001D4E83EB000][000001D4E7C3F700 49] iPhoneSE, [000001D4E83DA700][000001D4E7C43880 49] iPhone8, [000001D4E83EBB00][000001D4E7C47A00 49] iPhone8Plus, [000001D4E83DB400][000001D4E7C4BB80 49] iPhoneX, [000001D4E83E8A00][000001D4E7C4E180 49] iPhoneXS, [000001D4E83D8D00][000001D4E7C52300 49] iPhoneXSMax, [000001D4E83EA500][000001D4E7C56480 49] iPhoneXR, [000001D4E83DBE00][000001D4E7C5A600 49] iPhone11, [000001D4E83E8F00][000001D4E62E8740 49] iPhone11Pro, [000001D4E83D8200][000001D4E7C5E880 49] iPhone11ProMax, [000001D4E83E9B00][000001D4E7C669C0 49] iPhoneSE2, [000001D4E83D8E00][000001D4E7C9AB00 49] iPhone12Mini, [000001D4E83E8D00][000001D4E7CA2C80 49] iPhone12, [000001D4E83DAF00][000001D4E7CAEE00 49] iPhone12Pro, [000001D4E83EB600][000001D4E7CB2F80 49] iPhone12ProMax, [000001D4E83D8C00][000001D4E7CB7100 49] iPadPro105, [000001D4E83E8700][000001D4E7CBB280 49] iPadPro129, [000001D4E83DAE00][000001D4E8D59400 49] iPadPro97, [000001D4E83E8C00][000001D4E8D5D580 49] iPadPro2_129, [000001D4E83DA800][000001D4E8DBD700 49] iPad5, [000001D4E83EBE00][000001D4E8DC1880 49] iPad6, [000001D4E83D8500][000001D4E8DC5A00 49] iPad7, [000001D4E83EA200][000001D4E8DC9B80 49] iPad8, [000001D4E83D9B00][000001D4E8DCC180 49] iPadPro11, [000001D4E83EA900][000001D4E8DD0300 49] iPadPro2_11, [000001D4E83D9C00][000001D4E8DD4480 49] iPadPro3_129, [000001D4E83E9F00][000001D4E8DD8600 49] iPadPro4_129, [000001D4E83D8A00][000001D4E8DDC780 49] AppleTV, [000001D4E83EA400][000001D4E8DE0900 49] AppleTV4K, [000001D4E83D8400][000001D4E7C9EA40 49] TVOS, [000001D4E83EAB00][000001D4E8DE4B80 49] Mac, [000001D4E83DBD00][000001D4E8DE8CC0 49] MacClient, [000001D4E83E9100][000001D4E8DF0E40 49] MacNoEditor, [000001D4E83DA300][000001D4E8DF4FC0 49] MacServer, [000001D4E83EA800][000001D4E8DF9140 49] Linux, [000001D4E83DA500][000001D4E8DFD2C0 49] LinuxAArch64, [000001D4E83E8900][000001D4E8E01440 49] LinuxNoEditor, [000001D4E83DA000][000001D4E8E055C0 49] LinuxAArch64NoEditor, [000001D4E83EB900][000001D4E8E09740 49] LinuxClient, [000001D4E83DB700][000001D4E8E0D8C0 49] LinuxAArch64Client, [000001D4E83EAF00][000001D4E8E11A40 49] LinuxServer, [000001D4E83DBA00][000001D4E8E15BC0 49] LinuxAArch64Server, [000001D4E83E9C00][000001D4E8E181C0 49] Android, [000001D4E8443800][000001D4E8E1C340 49] Android_Low, [000001D4E84A1C00][000001D4E8E204C0 49] Android_Mid, [000001D4E8443B00][000001D4E8E24640 49] Android_High, [000001D4E84A0700][000001D4E8E287C0 49] Android_Default, [000001D4E8442C00][000001D4E8E2C940 49] Android_Adreno4xx, [000001D4E84A0200][000001D4E8E30AC0 49] Android_Adreno5xx_Low, [000001D4E8440600][000001D4E8DECC00 49] Android_Adreno5xx, [000001D4E84A2700][000001D4E8E34D40 49] Android_Adreno6xx, [000001D4E8440E00][000001D4E8E38E80 49] Android_Adreno6xx_Vulkan, [000001D4E84A1000][000001D4E8E3CFC0 49] Android_Mali_T6xx, [000001D4E8440200][000001D4E8E45140 49] Android_Mali_T7xx, [000001D4E84A1300][000001D4E8E492C0 49] Android_Mali_T8xx, [000001D4E8443000][000001D4E8E4D440 49] Android_Mali_G71, [000001D4E84A2800][000001D4E8E515C0 49] Android_Mali_G72, [000001D4E8441C00][000001D4E8E55740 49] Android_Mali_G72_Vulkan, [000001D4E84A2A00][000001D4E8E598C0 49] Android_Mali_G76, [000001D4E8442800][000001D4E8E5DA40 49] Android_Mali_G76_Vulkan, [000001D4E84A3600][000001D4E8E61BC0 49] Android_Mali_G77, [000001D4E8442700][000001D4E8E641C0 49] Android_Mali_G77_Vulkan, [000001D4E84A0C00][000001D4E8E68340 49] Android_Mali_G78, [000001D4E8443400][000001D4E8E6C4C0 49] Android_Mali_G78_Vulkan, [000001D4E84A3000][000001D4E8E70640 49] Android_Mali_G710, [000001D4E8440800][000001D4E8E747C0 49] Android_Mali_G710_Vulkan, [000001D4E84A2400][000001D4E8E78940 49] Android_Vulkan_SM5, [000001D4E8441700][000001D4E8E7CAC0 49] Android_PowerVR_G6xxx, [000001D4E84A2F00][000001D4E8E80C40 49] Android_PowerVR_GT7xxx, [000001D4E8442900][000001D4E8E40D80 49] Android_PowerVR_GE8xxx, [000001D4E84A1200][000001D4E8E84EC0 49] Android_PowerVR_GM9xxx, [000001D4E83EB100][000001D4E8E89000 49] Android_PowerVR_GM9xxx_Vulkan, [000001D4E84A3100][000001D4E8E8D180 49] Android_TegraK1, [000001D4E83EB800][000001D4E8E95300 49] Android_Unknown_Vulkan, [000001D4E84A1100][000001D4E8E99480 49] Lumin, [000001D4E83EB500][000001D4E8E9D600 49] Lumin_Desktop, [000001D4E84A2D00][000001D4E8EA1780 49] HoloLens, 
[2021.11.10-16.52.50:671][  0]LogLinker: Warning: [AssetLog] D:\Unreal files\UE_4.27\Engine\Content\EngineMaterials\WorldGridMaterial.uasset: Failed to load '/Game/Megascans/3D_Plants/Grass_Clumps_rbojr/Normal_2K_rbojr': Can't find file.
[2021.11.10-16.52.50:671][  0]LogLinker: Warning: [AssetLog] D:\Unreal files\UE_4.27\Engine\Content\EngineMaterials\WorldGridMaterial.uasset: Failed to load '/Game/Megascans/3D_Plants/Grass_Clumps_rbojr/Normal_2K_rbojr': Can't find file.
[2021.11.10-16.52.50:671][  0]LogLinker: Warning: [AssetLog] D:\Unreal files\UE_4.27\Engine\Content\EngineMaterials\WorldGridMaterial.uasset: Failed to load '/Game/Megascans/3D_Plants/Grass_Clumps_rbojr/Normal_2K_rbojr': Can't find file.
[2021.11.10-16.52.50:675][  0]LogLinker: Warning: [AssetLog] D:\Unreal files\UE_4.27\Engine\Content\EngineMaterials\WorldGridMaterial.uasset: Failed to load '/Game/Megascans/3D_Plants/Grass_Clumps_rbojr/Normal_2K_rbojr': Can't find file.
[2021.11.10-16.52.50:675][  0]LoadErrors: Failed to load /Game/Megascans/3D_Plants/Grass_Clumps_rbojr/Normal_2K_rbojr.Normal_2K_rbojr Referenced by WorldGridMaterial
[2021.11.10-16.52.50:676][  0]LogLinker: Warning: [AssetLog] D:\Unreal files\UE_4.27\Engine\Content\EngineMaterials\WorldGridMaterial.uasset: Failed to load '/Game/Megascans/3D_Plants/Grass_Clumps_rbojr/Normal_2K_rbojr': Can't find file.
[2021.11.10-16.52.50:676][  0]LoadErrors: Failed to load /Game/Megascans/3D_Plants/Grass_Clumps_rbojr/Normal_2K_rbojr.Normal_2K_rbojr Referenced by MaterialExpressionTextureSample_28
[2021.11.10-16.52.50:717][  0]LogMaterial: Display: Missing cached shadermap for WorldGridMaterial in PCD3D_SM5, Default, SM5 (DDC key hash: 0D82675FAC99F146A7AFBED4677E00CFA1674F06), compiling. Is special engine material.
[2021.11.10-16.52.50:718][  0]LogMaterial: Warning: 	(Node TextureSample) Texture Sample> Missing input texture
[2021.11.10-16.52.50:718][  0]LogWindows: Windows GetLastError: The operation completed successfully. (0)
[2021.11.10-16.52.52:007][  0]LogWindows: Error: === Critical error: ===
[2021.11.10-16.52.52:007][  0]LogWindows: Error: 
[2021.11.10-16.52.52:007][  0]LogWindows: Error: Fatal error: [File:D:/Build/++UE4/Sync/Engine/Source/Runtime/Engine/Private/Materials/MaterialShared.cpp] [Line: 2215] 
[2021.11.10-16.52.52:007][  0]LogWindows: Error: Failed to compile default material WorldGridMaterial!
[2021.11.10-16.52.52:007][  0]LogWindows: Error: 
[2021.11.10-16.52.52:007][  0]LogWindows: Error: 
[2021.11.10-16.52.52:007][  0]LogWindows: Error: [Callstack] 0x00007ffd8feb4f99 KERNELBASE.dll!UnknownFunction []
[2021.11.10-16.52.52:007][  0]LogWindows: Error: [Callstack] 0x00007ffd439439c8 UE4Editor-Core.dll!UnknownFunction []
[2021.11.10-16.52.52:007][  0]LogWindows: Error: [Callstack] 0x00000078de778f90 UnknownFunction []
[2021.11.10-16.52.52:007][  0]LogWindows: Error: [Callstack] 0x0000000000000400 UnknownFunction []
[2021.11.10-16.52.52:007][  0]LogWindows: Error: [Callstack] 0x0000000000000049 UnknownFunction []
[2021.11.10-16.52.52:007][  0]LogWindows: Error: [Callstack] 0x0000000000004000 UnknownFunction []
[2021.11.10-16.52.52:007][  0]LogWindows: Error: 
[2021.11.10-16.52.52:016][  0]LogExit: Executing StaticShutdownAfterError
[2021.11.10-16.52.52:016][  0]LogWindows: FPlatformMisc::RequestExit(1)
[2021.11.10-16.52.52:016][  0]LogWindows: FPlatformMisc::RequestExitWithStatus(1, 3)
[2021.11.10-16.52.52:016][  0]LogCore: Engine exit requested (reason: Win RequestExit)
[2021.11.10-16.52.52:027][  0]Log file closed, 11/10/21 11:52:52
